[2014-06-13 17:36:39.704] [INFO] console - +++++++++++++++++++++++++++++++++++++++++++++++++++
[2014-06-13 17:36:39.708] [INFO] console - DB-CONFIG-TYPE: dev
[2014-06-13 17:36:41.047] [INFO] console - 企业云服务器启动 端口:4000
[2014-06-13 17:37:06.141] [WARN] console - http参数显示功能开启...
[2014-06-13 17:37:06.141] [INFO] console - param  :  {}
[2014-06-13 17:37:06.142] [INFO] console - get :  {}
[2014-06-13 17:37:06.142] [INFO] console - post :  {}
[2014-06-13 17:37:06.392] [INFO] console - SELECT * FROM T_PRODUCT  P  WHERE P.USERID ='1' AND P.DELFLAG = 0
[2014-06-13 17:37:06.478] [INFO] console - j
[2014-06-13 17:37:06.479] [INFO] console - d
[2014-06-13 17:37:06.479] [INFO] console - d
[2014-06-13 17:37:06.479] [INFO] console - d
[2014-06-13 17:37:06.479] [INFO] console - g
[2014-06-13 17:37:06.479] [INFO] console - g
[2014-06-13 17:37:06.479] [INFO] console - h
[2014-06-13 17:37:06.485] [WARN] normal - GET /product
[2014-06-13 17:52:50.242] [INFO] console - +++++++++++++++++++++++++++++++++++++++++++++++++++
[2014-06-13 17:52:50.248] [INFO] console - DB-CONFIG-TYPE: dev
[2014-06-13 17:52:51.570] [INFO] console - 企业云服务器启动 端口:4000
[2014-06-13 17:55:32.859] [INFO] console - +++++++++++++++++++++++++++++++++++++++++++++++++++
[2014-06-13 17:55:32.863] [INFO] console - DB-CONFIG-TYPE: dev
[2014-06-13 17:55:34.178] [INFO] console - 企业云服务器启动 端口:4000
