0 info it worked if it ends with ok
1 verbose cli [ 'node', '/usr/local/bin/npm', 'install', 'pinyin' ]
2 info using npm@1.4.3
3 info using node@v0.10.26
4 warn package.json express-session@1.0.2 No repository field.
5 verbose readDependencies using package.json deps
6 verbose cache add [ 'pinyin', null ]
7 verbose cache add name=undefined spec="pinyin" args=["pinyin",null]
8 verbose parsed url { protocol: null,
8 verbose parsed url   slashes: null,
8 verbose parsed url   auth: null,
8 verbose parsed url   host: null,
8 verbose parsed url   port: null,
8 verbose parsed url   hostname: null,
8 verbose parsed url   hash: null,
8 verbose parsed url   search: null,
8 verbose parsed url   query: null,
8 verbose parsed url   pathname: 'pinyin',
8 verbose parsed url   path: 'pinyin',
8 verbose parsed url   href: 'pinyin' }
9 silly lockFile beca9bd1-pinyin pinyin
10 verbose lock pinyin /Users/gbdai/.npm/beca9bd1-pinyin.lock
11 silly lockFile beca9bd1-pinyin pinyin
12 silly lockFile beca9bd1-pinyin pinyin
13 verbose addNamed [ 'pinyin', '' ]
14 verbose addNamed [ null, '*' ]
15 silly lockFile 4fb38469-pinyin pinyin@
16 verbose lock pinyin@ /Users/gbdai/.npm/4fb38469-pinyin.lock
17 silly addNameRange { name: 'pinyin', range: '*', hasData: false }
18 verbose url raw pinyin
19 verbose url resolving [ 'https://registry.npmjs.org/', './pinyin' ]
20 verbose url resolved https://registry.npmjs.org/pinyin
21 info trying registry request attempt 1 at 16:25:03
22 verbose etag "53TC8HZJ5FHLB1OJAIHQKUQTW"
23 http GET https://registry.npmjs.org/pinyin
24 http 304 https://registry.npmjs.org/pinyin
25 silly registry.get cb [ 304,
25 silly registry.get   { date: 'Fri, 16 May 2014 08:25:05 GMT',
25 silly registry.get     server: 'Apache',
25 silly registry.get     via: '1.1 varnish',
25 silly registry.get     'last-modified': 'Fri, 16 May 2014 08:25:05 GMT',
25 silly registry.get     'cache-control': 'max-age=1',
25 silly registry.get     etag: '"53TC8HZJ5FHLB1OJAIHQKUQTW"',
25 silly registry.get     'x-served-by': 'cache-ty68-TYO',
25 silly registry.get     'x-cache': 'MISS',
25 silly registry.get     'x-cache-hits': '0',
25 silly registry.get     'x-timer': 'S1400228705.567900658,VS0,VE265',
25 silly registry.get     vary: 'Accept',
25 silly registry.get     'content-length': '0',
25 silly registry.get     'keep-alive': 'timeout=10, max=50',
25 silly registry.get     connection: 'Keep-Alive' } ]
26 verbose etag pinyin from cache
27 silly addNameRange number 2 { name: 'pinyin', range: '*', hasData: true }
28 silly addNameRange versions [ 'pinyin',
28 silly addNameRange   [ '0.0.1',
28 silly addNameRange     '2.0.0',
28 silly addNameRange     '2.0.2',
28 silly addNameRange     '2.1.0',
28 silly addNameRange     '2.1.1',
28 silly addNameRange     '2.1.2',
28 silly addNameRange     '2.1.3',
28 silly addNameRange     '2.2.0',
28 silly addNameRange     '2.2.1',
28 silly addNameRange     '2.3.0' ] ]
29 verbose addNamed [ 'pinyin', '2.3.0' ]
30 verbose addNamed [ '2.3.0', '2.3.0' ]
31 silly lockFile 49195ccc-pinyin-2-3-0 pinyin@2.3.0
32 verbose lock pinyin@2.3.0 /Users/gbdai/.npm/49195ccc-pinyin-2-3-0.lock
33 silly lockFile 33c64ed0-pmjs-org-pinyin-pinyin-2-3-0-tgz https://registry.npmjs.org/pinyin/-/pinyin-2.3.0.tgz
34 verbose lock https://registry.npmjs.org/pinyin/-/pinyin-2.3.0.tgz /Users/gbdai/.npm/33c64ed0-pmjs-org-pinyin-pinyin-2-3-0-tgz.lock
35 verbose addRemoteTarball [ 'https://registry.npmjs.org/pinyin/-/pinyin-2.3.0.tgz',
35 verbose addRemoteTarball   'c33d179d6edebee2a82c06f8c7e2750f0ec080df' ]
36 info retry fetch attempt 1 at 16:25:05
37 verbose fetch to= /var/folders/sf/6fwmg6q12ml52h_5fnwwp0zw0000gp/T/npm-4780-CQ2Q099K/1400228705351-0.6072095059789717/tmp.tgz
38 http GET https://registry.npmjs.org/pinyin/-/pinyin-2.3.0.tgz
39 http 200 https://registry.npmjs.org/pinyin/-/pinyin-2.3.0.tgz
40 silly lockFile 33c64ed0-pmjs-org-pinyin-pinyin-2-3-0-tgz https://registry.npmjs.org/pinyin/-/pinyin-2.3.0.tgz
41 silly lockFile 33c64ed0-pmjs-org-pinyin-pinyin-2-3-0-tgz https://registry.npmjs.org/pinyin/-/pinyin-2.3.0.tgz
42 silly lockFile 49195ccc-pinyin-2-3-0 pinyin@2.3.0
43 silly lockFile 49195ccc-pinyin-2-3-0 pinyin@2.3.0
44 silly lockFile 4fb38469-pinyin pinyin@
45 silly lockFile 4fb38469-pinyin pinyin@
46 error Error: shasum check failed for /var/folders/sf/6fwmg6q12ml52h_5fnwwp0zw0000gp/T/npm-4780-CQ2Q099K/1400228705351-0.6072095059789717/tmp.tgz
46 error Expected: c33d179d6edebee2a82c06f8c7e2750f0ec080df
46 error Actual:   26ddf7356672b9aa8810f88a6e977eca85d39906
46 error From:     https://registry.npmjs.org/pinyin/-/pinyin-2.3.0.tgz
46 error     at /usr/local/lib/node_modules/npm/node_modules/sha/index.js:38:8
46 error     at ReadStream.<anonymous> (/usr/local/lib/node_modules/npm/node_modules/sha/index.js:85:7)
46 error     at ReadStream.EventEmitter.emit (events.js:117:20)
46 error     at _stream_readable.js:920:16
46 error     at process._tickCallback (node.js:415:13)
47 error If you need help, you may report this *entire* log,
47 error including the npm and node versions, at:
47 error     <http://github.com/npm/npm/issues>
48 error System Darwin 13.1.0
49 error command "node" "/usr/local/bin/npm" "install" "pinyin"
50 error cwd /Users/gbdai/work/EnterpriseCloud
51 error node -v v0.10.26
52 error npm -v 1.4.3
53 verbose exit [ 1, true ]
